[youtube] Extracting URL: https://www.youtube.com/watch?v=9_ldCQUgU7Q
[youtube] 9_ldCQUgU7Q: Downloading webpage
WARNING: [youtube] No supported JavaScript runtime could be found. Only deno is enabled by default; to use another runtime add  --js-runtimes RUNTIME[:PATH]  to your command/config. YouTube extraction without a JS runtime has been deprecated, and some formats may be missing. See  https://github.com/yt-dlp/yt-dlp/wiki/EJS  for details on installing one
[youtube] 9_ldCQUgU7Q: Downloading android vr player API JSON
[info] 9_ldCQUgU7Q: Downloading 2 format(s): 299, 140
[download] Destination: C:\xampp\htdocs\test\youtube\downloads\698a10e789241-FFMPEG.mp4
[download]   0.0% of   51.17MiB at   37.86KiB/s ETA 23:04
[download]   0.0% of   51.17MiB at  109.47KiB/s ETA 07:58
[download]   0.0% of   51.17MiB at  255.43KiB/s ETA 03:25
[download]   0.0% of   51.17MiB at  547.35KiB/s ETA 01:35
[download]   0.1% of   51.17MiB at  826.17KiB/s ETA 01:03
[download]   0.1% of   51.17MiB at    1.60MiB/s ETA 00:32
[download]   0.2% of   51.17MiB at    1.73MiB/s ETA 00:29
[download]   0.5% of   51.17MiB at    2.14MiB/s ETA 00:23
[download]   1.0% of   51.17MiB at    2.35MiB/s ETA 00:21
[download]   2.0% of   51.17MiB at    3.05MiB/s ETA 00:16
[download]   3.9% of   51.17MiB at    3.09MiB/s ETA 00:15
[download]   7.8% of   51.17MiB at    3.59MiB/s ETA 00:13
[download]  15.6% of   51.17MiB at    3.91MiB/s ETA 00:11
[download]  18.9% of   51.17MiB at    4.12MiB/s ETA 00:10
[download]  18.9% of   51.17MiB at  127.33KiB/s ETA 05:33
[download]  18.9% of   51.17MiB at  329.85KiB/s ETA 02:08
[download]  19.0% of   51.17MiB at  710.61KiB/s ETA 00:59
[download]  19.0% of   51.17MiB at    1.34MiB/s ETA 00:30
[download]  19.0% of   51.17MiB at    2.77MiB/s ETA 00:14
[download]  19.1% of   51.17MiB at    3.11MiB/s ETA 00:13
[download]  19.2% of   51.17MiB at    2.86MiB/s ETA 00:14
[download]  19.4% of   51.17MiB at    3.43MiB/s ETA 00:12
[download]  19.9% of   51.17MiB at    3.23MiB/s ETA 00:12
[download]  20.9% of   51.17MiB at    4.31MiB/s ETA 00:09
[download]  22.8% of   51.17MiB at    5.03MiB/s ETA 00:07
[download]  26.8% of   51.17MiB at    5.43MiB/s ETA 00:06
[download]  34.6% of   51.17MiB at    6.07MiB/s ETA 00:05
[download]  38.0% of   51.17MiB at    6.29MiB/s ETA 00:05
[download]  38.0% of   51.17MiB at  135.46KiB/s ETA 03:59
[download]  38.0% of   51.17MiB at  406.37KiB/s ETA 01:19
[download]  38.0% of   51.17MiB at  948.20KiB/s ETA 00:34
[download]  38.0% of   51.17MiB at    1.98MiB/s ETA 00:15
[download]  38.0% of   51.17MiB at    3.61MiB/s ETA 00:08
[download]  38.1% of   51.17MiB at    3.82MiB/s ETA 00:08
[download]  38.2% of   51.17MiB at    7.25MiB/s ETA 00:04
[download]  38.5% of   51.17MiB at    5.18MiB/s ETA 00:06
[download]  38.9% of   51.17MiB at    5.44MiB/s ETA 00:05
[download]  39.9% of   51.17MiB at    2.19MiB/s ETA 00:14
[download]  41.9% of   51.17MiB at    3.43MiB/s ETA 00:08
[download]  45.8% of   51.17MiB at    3.56MiB/s ETA 00:07
[download]  53.0% of   51.17MiB at    2.66MiB/s ETA 00:09
[download]  57.1% of   51.17MiB at    2.91MiB/s ETA 00:07
[download]  57.1% of   51.17MiB at   40.55KiB/s ETA 09:14
[download]  57.1% of   51.17MiB at  121.64KiB/s ETA 03:04
[download]  57.1% of   51.17MiB at  276.94KiB/s ETA 01:21
[download]  57.1% of   51.17MiB at  593.45KiB/s ETA 00:37
[download]  57.1% of   51.17MiB at  257.62KiB/s ETA 01:27
[download]  57.2% of   51.17MiB at  321.03KiB/s ETA 01:09
[download]  57.3% of   51.17MiB at  439.33KiB/s ETA 00:50
[download]  57.6% of   51.17MiB at  656.87KiB/s ETA 00:33
[download]  58.0% of   51.17MiB at  908.20KiB/s ETA 00:24
[download]  59.0% of   51.17MiB at    1.40MiB/s ETA 00:14
[download]  61.0% of   51.17MiB at    2.24MiB/s ETA 00:08
[download]  64.9% of   51.17MiB at    2.92MiB/s ETA 00:06
[download]  72.7% of   51.17MiB at    3.75MiB/s ETA 00:03
[download]  76.4% of   51.17MiB at    3.88MiB/s ETA 00:03
[download]  76.4% of   51.17MiB at  125.07KiB/s ETA 01:38
[download]  76.4% of   51.17MiB at  375.22KiB/s ETA 00:32
[download]  76.5% of   51.17MiB at  778.08KiB/s ETA 00:15
[download]  76.5% of   51.17MiB at    1.63MiB/s ETA 00:07
[download]  76.5% of   51.17MiB at    2.75MiB/s ETA 00:04
[download]  76.6% of   51.17MiB at    2.68MiB/s ETA 00:04
[download]  76.7% of   51.17MiB at    3.65MiB/s ETA 00:03
[download]  76.9% of   51.17MiB at    4.37MiB/s ETA 00:02
[download]  77.4% of   51.17MiB at    4.06MiB/s ETA 00:02
[download]  78.4% of   51.17MiB at    3.74MiB/s ETA 00:02
[download]  80.3% of   51.17MiB at    3.71MiB/s ETA 00:02
[download]  84.3% of   51.17MiB at    4.66MiB/s ETA 00:01
[download]  92.1% of   51.17MiB at    5.00MiB/s ETA 00:00
[download]  95.4% of   51.17MiB at    4.93MiB/s ETA 00:00
[download]  95.4% of   51.17MiB at  Unknown B/s ETA Unknown
[download]  95.4% of   51.17MiB at    2.83MiB/s ETA 00:00
[download]  95.4% of   51.17MiB at    6.60MiB/s ETA 00:00
[download]  95.4% of   51.17MiB at   14.14MiB/s ETA 00:00
[download]  95.5% of   51.17MiB at    6.38MiB/s ETA 00:00
[download]  95.5% of   51.17MiB at    9.69MiB/s ETA 00:00
[download]  95.6% of   51.17MiB at   10.37MiB/s ETA 00:00
[download]  95.9% of   51.17MiB at    7.81MiB/s ETA 00:00
[download]  96.4% of   51.17MiB at    7.55MiB/s ETA 00:00
[download]  97.3% of   51.17MiB at    8.30MiB/s ETA 00:00
[download]  99.3% of   51.17MiB at    8.25MiB/s ETA 00:00
[download] 100.0% of   51.17MiB at    7.99MiB/s ETA 00:00
[download] 100% of   51.17MiB in 00:00:14 at 3.65MiB/s
[download] Destination: C:\xampp\htdocs\test\youtube\downloads\698a10e789241-FFMPEG.m4a
[download]   0.0% of    9.65MiB at  Unknown B/s ETA Unknown
[download]   0.0% of    9.65MiB at  Unknown B/s ETA Unknown
[download]   0.1% of    9.65MiB at  Unknown B/s ETA Unknown
[download]   0.2% of    9.65MiB at  Unknown B/s ETA Unknown
[download]   0.3% of    9.65MiB at   14.89MiB/s ETA 00:00
[download]   0.6% of    9.65MiB at    6.01MiB/s ETA 00:01
[download]   1.3% of    9.65MiB at    6.36MiB/s ETA 00:01
[download]   2.6% of    9.65MiB at    7.66MiB/s ETA 00:01
[download]   5.2% of    9.65MiB at    8.03MiB/s ETA 00:01
[download]  10.4% of    9.65MiB at    7.54MiB/s ETA 00:01
[download]  20.7% of    9.65MiB at    7.51MiB/s ETA 00:01
[download]  41.4% of    9.65MiB at    7.81MiB/s ETA 00:00
[download]  82.9% of    9.65MiB at    5.45MiB/s ETA 00:00
[download] 100.0% of    9.65MiB at    5.34MiB/s ETA 00:00
[download] 100% of    9.65MiB in 00:00:02 at 4.78MiB/s
[FixupM4a] Correcting container of "C:\xampp\htdocs\test\youtube\downloads\698a10e789241-FFMPEG.m4a"
